{
  message: 'Initialization successful for Email Id : papu.arza@pulsak.com.py in Environment : https://www.zohoapis.com.',
  level: 'info',
  timestamp: '2021-05-31 10:52:30'
}
{
  code: 'INVALID CLIENT ERROR',
  message: 'Exception in authenticating current request :  invalid_client',
  cause: null,
  details: null,
  level: 'error',
  stack: 'Error: invalid_client\n' +
    '    at OAuthToken.parseResponse (/Users/papuarza/Desktop/works/63_zoho_crm/zoho-crm/node_modules/zcrmsdk/models/authenticator/oauth_token.js:352:19)\n' +
    '    at OAuthToken.generateAccessToken (/Users/papuarza/Desktop/works/63_zoho_crm/zoho-crm/node_modules/zcrmsdk/models/authenticator/oauth_token.js:330:52)\n' +
    '    at processTicksAndRejections (internal/process/task_queues.js:97:5)\n' +
    '    at async OAuthToken.authenticate (/Users/papuarza/Desktop/works/63_zoho_crm/zoho-crm/node_modules/zcrmsdk/models/authenticator/oauth_token.js:243:53)\n' +
    '    at async CommonAPIHandler.apiCall (/Users/papuarza/Desktop/works/63_zoho_crm/zoho-crm/node_modules/zcrmsdk/routes/middlewares/common_api_handler.js:230:4)\n' +
    '    at async Function.getCurrencies (/Users/papuarza/Desktop/works/63_zoho_crm/zoho-crm/configs/currency.js:17:20)\n' +
    '    at async empezar (/Users/papuarza/Desktop/works/63_zoho_crm/zoho-crm/configs/zoho.js:24:5)',
  timestamp: '2021-05-31 10:52:31'
}
{
  message: 'Initialization successful for Email Id : papu.arza@pulsak.com.py in Environment : https://www.zohoapis.com.',
  level: 'info',
  timestamp: '2021-05-31 10:52:58'
}
{
  message: 'Initialization successful for Email Id : papu.arza@pulsak.com.py in Environment : https://www.zohoapis.com.',
  level: 'info',
  timestamp: '2021-05-31 10:58:15'
}
{
  message: 'Initialization successful for Email Id : papu.arza@pulsak.com.py in Environment : https://www.zohoapis.com.',
  level: 'info',
  timestamp: '2021-05-31 11:00:28'
}
